<?xml version="1.0" encoding="UTF-8"?>
<!-- Generated by org.testng.reporters.JUnitReportReporter -->
<testsuite skipped="0" hostname="WIN-81NG0PGA72A" name="Testcases.MyAccountScripts" tests="1" failures="0" timestamp="17 Feb 2019 10:57:11 GMT" time="286.007" errors="0">
  <testcase name="myAcc_ShippingInfo_addressPrePopulation_test" time="286.007" classname="Testcases.MyAccountScripts"/>
</testsuite> <!-- Testcases.MyAccountScripts -->
