<?xml version="1.0" encoding="UTF-8"?>
<!-- Generated by org.testng.reporters.JUnitReportReporter -->
<testsuite skipped="1" hostname="WIN-81NG0PGA72A" name="Testcases.BopisCheckoutScripts" tests="1" failures="0" timestamp="14 Nov 2018 13:52:36 GMT" time="0.000" errors="0">
  <testcase name="Bopis_SearchCheckout" time="0.000" classname="Testcases.BopisCheckoutScripts">
    <skipped/>
  </testcase> <!-- Bopis_SearchCheckout -->
</testsuite> <!-- Testcases.BopisCheckoutScripts -->
