<?xml version="1.0" encoding="UTF-8"?>
<!-- Generated by org.testng.reporters.JUnitReportReporter -->
<testsuite skipped="0" hostname="WIN-81NG0PGA72A" name="Testcases.OrganizationBuyer" tests="1" failures="0" timestamp="20 Feb 2019 09:35:45 GMT" time="211.624" errors="0">
  <testcase name="Buyers_Organization_BreadCrumbValidations" time="211.624" classname="Testcases.OrganizationBuyer"/>
</testsuite> <!-- Testcases.OrganizationBuyer -->
