<?xml version="1.0" encoding="UTF-8"?>
<!-- Generated by org.testng.reporters.JUnitReportReporter -->
<testsuite skipped="17" hostname="WIN-81NG0PGA72A" name="Testcases.MyAccountScripts" tests="17" failures="0" timestamp="14 Nov 2018 13:52:36 GMT" time="0.000" errors="0">
  <testcase name="myAcc_creditCard_UIValidation" time="0.000" classname="Testcases.MyAccountScripts">
    <skipped/>
  </testcase> <!-- myAcc_creditCard_UIValidation -->
  <testcase name="myAcc_ShippingInfo_UIValidation" time="0.000" classname="Testcases.MyAccountScripts">
    <skipped/>
  </testcase> <!-- myAcc_ShippingInfo_UIValidation -->
  <testcase name="myAcc_Coupons_UIValidation" time="0.000" classname="Testcases.MyAccountScripts">
    <skipped/>
  </testcase> <!-- myAcc_Coupons_UIValidation -->
  <testcase name="leftNavMenuLinks_UICheck" time="0.000" classname="Testcases.MyAccountScripts">
    <skipped/>
  </testcase> <!-- leftNavMenuLinks_UICheck -->
  <testcase name="personalInformation_editing" time="0.000" classname="Testcases.MyAccountScripts">
    <skipped/>
  </testcase> <!-- personalInformation_editing -->
  <testcase name="myAcc_ShippingInfo_addressPrePopulation_test" time="0.000" classname="Testcases.MyAccountScripts">
    <skipped/>
  </testcase> <!-- myAcc_ShippingInfo_addressPrePopulation_test -->
  <testcase name="personalInformation_editingEmail" time="0.000" classname="Testcases.MyAccountScripts">
    <skipped/>
  </testcase> <!-- personalInformation_editingEmail -->
  <testcase name="editLink_accSummary" time="0.000" classname="Testcases.MyAccountScripts">
    <skipped/>
  </testcase> <!-- editLink_accSummary -->
  <testcase name="myAccountSummary" time="0.000" classname="Testcases.MyAccountScripts">
    <skipped/>
  </testcase> <!-- myAccountSummary -->
  <testcase name="recentOrderHistory_Orders" time="0.000" classname="Testcases.MyAccountScripts">
    <skipped/>
  </testcase> <!-- recentOrderHistory_Orders -->
  <testcase name="personalInformation_PageUICheck" time="0.000" classname="Testcases.MyAccountScripts">
    <skipped/>
  </testcase> <!-- personalInformation_PageUICheck -->
  <testcase name="myAcc_ShippingInfo_addNewAddress" time="0.000" classname="Testcases.MyAccountScripts">
    <skipped/>
  </testcase> <!-- myAcc_ShippingInfo_addNewAddress -->
  <testcase name="myAcc_ShippingInfo_removeAddress" time="0.000" classname="Testcases.MyAccountScripts">
    <skipped/>
  </testcase> <!-- myAcc_ShippingInfo_removeAddress -->
  <testcase name="myAcc_creditCard_addNewCreditCardInfo" time="0.000" classname="Testcases.MyAccountScripts">
    <skipped/>
  </testcase> <!-- myAcc_creditCard_addNewCreditCardInfo -->
  <testcase name="myAcc_ShippingInfo_restrictRemoveAddress" time="0.000" classname="Testcases.MyAccountScripts">
    <skipped/>
  </testcase> <!-- myAcc_ShippingInfo_restrictRemoveAddress -->
  <testcase name="myAcc_ShippingInfo_addNewAddress_emptyField_test" time="0.000" classname="Testcases.MyAccountScripts">
    <skipped/>
  </testcase> <!-- myAcc_ShippingInfo_addNewAddress_emptyField_test -->
  <testcase name="recentOrderHistory_NoOrders" time="0.000" classname="Testcases.MyAccountScripts">
    <skipped/>
  </testcase> <!-- recentOrderHistory_NoOrders -->
</testsuite> <!-- Testcases.MyAccountScripts -->
