<?xml version="1.0" encoding="UTF-8"?>
<!-- Generated by org.testng.reporters.JUnitReportReporter -->
<testsuite skipped="1" hostname="WIN-81NG0PGA72A" name="Testcases.PDPScripts" tests="1" failures="0" timestamp="22 Oct 2018 12:15:36 GMT" time="0.000" errors="0">
  <testcase name="Homepage_MultipleSearchItems" time="0.000" classname="Testcases.PDPScripts">
    <skipped/>
  </testcase> <!-- Homepage_MultipleSearchItems -->
</testsuite> <!-- Testcases.PDPScripts -->
