<?xml version="1.0" encoding="UTF-8"?>
<!-- Generated by org.testng.reporters.JUnitReportReporter -->
<testsuite skipped="0" hostname="WIN-81NG0PGA72A" name="Testcases.PDPScripts" tests="1" failures="0" timestamp="13 Feb 2019 11:10:23 GMT" time="1643.011" errors="0">
  <testcase name="PDP_FieldValidations_001" time="1643.011" classname="Testcases.PDPScripts"/>
</testsuite> <!-- Testcases.PDPScripts -->
