<?xml version="1.0" encoding="UTF-8"?>
<!-- Generated by org.testng.reporters.JUnitReportReporter -->
<testsuite skipped="0" hostname="WIN-81NG0PGA72A" name="Testcases.RegisterationScripts" tests="1" failures="0" timestamp="21 Feb 2019 13:06:56 GMT" time="81.942" errors="0">
  <testcase name="CreateAccount_Error_Messages_Validations_004" time="81.942" classname="Testcases.RegisterationScripts"/>
</testsuite> <!-- Testcases.RegisterationScripts -->
