<?xml version="1.0" encoding="UTF-8"?>
<!-- Generated by org.testng.reporters.JUnitReportReporter -->
<testsuite skipped="0" hostname="WIN-81NG0PGA72A" name="Testcases.RegisterationScripts" tests="1" failures="0" timestamp="15 Nov 2018 12:23:12 GMT" time="273.038" errors="0">
  <testcase name="ForgotPassword_Error_Messages_Validations_003" time="273.038" classname="Testcases.RegisterationScripts"/>
</testsuite> <!-- Testcases.RegisterationScripts -->
