<?xml version="1.0" encoding="UTF-8"?>
<!-- Generated by org.testng.reporters.JUnitReportReporter -->
<testsuite skipped="0" hostname="WIN-81NG0PGA72A" name="Testcases.HomepageScripts" tests="1" failures="0" timestamp="14 Nov 2018 10:36:55 GMT" time="403.376" errors="0">
  <testcase name="Homepage_Header_FieldValidations_001" time="403.376" classname="Testcases.HomepageScripts"/>
</testsuite> <!-- Testcases.HomepageScripts -->
