<?xml version="1.0" encoding="UTF-8"?>
<!-- Generated by org.testng.reporters.JUnitReportReporter -->
<testsuite skipped="8" hostname="WIN-81NG0PGA72A" name="Testcases.HomepageScripts" tests="8" failures="0" timestamp="14 Nov 2018 13:52:36 GMT" time="0.000" errors="0">
  <testcase name="Homepage_AddRandomProductFromMenuCategory_Reg_004" time="0.000" classname="Testcases.HomepageScripts">
    <skipped/>
  </testcase> <!-- Homepage_AddRandomProductFromMenuCategory_Reg_004 -->
  <testcase name="Homepage_AddRandomProductFromMenuWhatsNew_007" time="0.000" classname="Testcases.HomepageScripts">
    <skipped/>
  </testcase> <!-- Homepage_AddRandomProductFromMenuWhatsNew_007 -->
  <testcase name="Homepage_AddRandomProductFromMenuCategory_003" time="0.000" classname="Testcases.HomepageScripts">
    <skipped/>
  </testcase> <!-- Homepage_AddRandomProductFromMenuCategory_003 -->
  <testcase name="Homepage_Header_FieldValidations_Reg_002" time="0.000" classname="Testcases.HomepageScripts">
    <skipped/>
  </testcase> <!-- Homepage_Header_FieldValidations_Reg_002 -->
  <testcase name="Homepage_AddRandomProductFromMenuWhatsNew_Reg_008" time="0.000" classname="Testcases.HomepageScripts">
    <skipped/>
  </testcase> <!-- Homepage_AddRandomProductFromMenuWhatsNew_Reg_008 -->
  <testcase name="Homepage_AddRandomProductFromMenuBrands_005" time="0.000" classname="Testcases.HomepageScripts">
    <skipped/>
  </testcase> <!-- Homepage_AddRandomProductFromMenuBrands_005 -->
  <testcase name="Homepage_AddRandomProductFromMenuBrands_Reg_006" time="0.000" classname="Testcases.HomepageScripts">
    <skipped/>
  </testcase> <!-- Homepage_AddRandomProductFromMenuBrands_Reg_006 -->
  <testcase name="Homepage_Header_FieldValidations_001" time="0.000" classname="Testcases.HomepageScripts">
    <skipped/>
  </testcase> <!-- Homepage_Header_FieldValidations_001 -->
</testsuite> <!-- Testcases.HomepageScripts -->
