<?xml version="1.0" encoding="UTF-8"?>
<!-- Generated by org.testng.reporters.JUnitReportReporter -->
<testsuite skipped="0" hostname="WIN-81NG0PGA72A" name="Testcases.ShoppingCartScripts" tests="1" failures="0" timestamp="12 Feb 2019 12:17:59 GMT" time="99.893" errors="0">
  <testcase name="ShoppingCart_InlineItem_005" time="99.893" classname="Testcases.ShoppingCartScripts"/>
</testsuite> <!-- Testcases.ShoppingCartScripts -->
