<?xml version="1.0" encoding="UTF-8"?>
<!-- Generated by org.testng.reporters.JUnitReportReporter -->
<testsuite skipped="4" hostname="WIN-81NG0PGA72A" name="Testcases.RegisterationScripts" tests="4" failures="0" timestamp="14 Nov 2018 13:52:36 GMT" time="0.000" errors="0">
  <testcase name="Invalid_SignIn_Error_Messages_Validations_002" time="0.000" classname="Testcases.RegisterationScripts">
    <skipped/>
  </testcase> <!-- Invalid_SignIn_Error_Messages_Validations_002 -->
  <testcase name="CreateAccount_Error_Messages_Validations_004" time="0.000" classname="Testcases.RegisterationScripts">
    <skipped/>
  </testcase> <!-- CreateAccount_Error_Messages_Validations_004 -->
  <testcase name="ForgotPassword_Error_Messages_Validations_003" time="0.000" classname="Testcases.RegisterationScripts">
    <skipped/>
  </testcase> <!-- ForgotPassword_Error_Messages_Validations_003 -->
  <testcase name="Valid_SignIn_001" time="0.000" classname="Testcases.RegisterationScripts">
    <skipped/>
  </testcase> <!-- Valid_SignIn_001 -->
</testsuite> <!-- Testcases.RegisterationScripts -->
