<?xml version="1.0" encoding="UTF-8"?>
<!-- Generated by org.testng.reporters.JUnitReportReporter -->
<testsuite skipped="0" hostname="WIN-81NG0PGA72A" name="Testcases.HomepageScripts" tests="1" failures="0" timestamp="17 Feb 2019 09:13:58 GMT" time="233.145" errors="0">
  <testcase name="Homepage_AddRandomProductFromMenuCategory_003" time="233.145" classname="Testcases.HomepageScripts"/>
</testsuite> <!-- Testcases.HomepageScripts -->
