<?xml version="1.0" encoding="UTF-8"?>
<!-- Generated by org.testng.reporters.JUnitReportReporter -->
<testsuite skipped="0" hostname="WIN-81NG0PGA72A" name="Testcases.HomepageScripts" tests="3" failures="0" timestamp="18 Oct 2018 20:09:39 GMT" time="550.531" errors="0">
  <testcase name="Homepage_MultopleSearch" time="165.463" classname="Testcases.HomepageScripts"/>
  <testcase name="Homepage_MultopleSearch1" time="188.147" classname="Testcases.HomepageScripts"/>
  <testcase name="Homepage_MultopleSearch2" time="196.921" classname="Testcases.HomepageScripts"/>
</testsuite> <!-- Testcases.HomepageScripts -->
