<?xml version="1.0" encoding="UTF-8"?>
<!-- Generated by org.testng.reporters.JUnitReportReporter -->
<testsuite skipped="12" hostname="WIN-81NG0PGA72A" name="Testcases.SearchpageScripts" tests="13" failures="0" timestamp="14 Nov 2018 13:52:36 GMT" time="0.000" errors="1">
  <testcase name="Searchpage_BreadcrumbsNavigation_011" time="0.000" classname="Testcases.SearchpageScripts">
    <skipped/>
  </testcase> <!-- Searchpage_BreadcrumbsNavigation_011 -->
  <testcase name="beforeMethod" time="0.000" classname="Testcases.SearchpageScripts">
    <error type="org.testng.TestNGException" message="
Parameter &#039;browser&#039; is required by BeforeMethod on method beforeMethod but has not been marked @Optional or defined
in C:\Users\P01242\AppData\Local\Temp\testng-eclipse-1681783172\testng-customsuite.xml">
      <![CDATA[org.testng.TestNGException: 
Parameter 'browser' is required by BeforeMethod on method beforeMethod but has not been marked @Optional or defined
in C:\Users\P01242\AppData\Local\Temp\testng-eclipse-1681783172\testng-customsuite.xml
at org.testng.internal.Parameters.createParams(Parameters.java:290)
at org.testng.internal.Parameters.createParametersForMethod(Parameters.java:359)
at org.testng.internal.Parameters.createParameters(Parameters.java:620)
at org.testng.internal.Parameters.createConfigurationParameters(Parameters.java:190)
at org.testng.internal.Invoker.invokeConfigurations(Invoker.java:209)
at org.testng.internal.Invoker.invokeMethod(Invoker.java:520)
at org.testng.internal.Invoker.invokeTestMethod(Invoker.java:716)
at org.testng.internal.Invoker.invokeTestMethods(Invoker.java:988)
at org.testng.internal.TestMethodWorker.invokeTestMethods(TestMethodWorker.java:125)
at org.testng.internal.TestMethodWorker.run(TestMethodWorker.java:109)
at org.testng.TestRunner.privateRun(TestRunner.java:648)
at org.testng.TestRunner.run(TestRunner.java:505)
at org.testng.SuiteRunner.runTest(SuiteRunner.java:455)
at org.testng.SuiteRunner.runSequentially(SuiteRunner.java:450)
at org.testng.SuiteRunner.privateRun(SuiteRunner.java:415)
at org.testng.SuiteRunner.run(SuiteRunner.java:364)
at org.testng.SuiteRunnerWorker.runSuite(SuiteRunnerWorker.java:52)
at org.testng.SuiteRunnerWorker.run(SuiteRunnerWorker.java:84)
at org.testng.TestNG.runSuitesSequentially(TestNG.java:1208)
at org.testng.TestNG.runSuitesLocally(TestNG.java:1137)
at org.testng.TestNG.runSuites(TestNG.java:1049)
at org.testng.TestNG.run(TestNG.java:1017)
at org.testng.remote.AbstractRemoteTestNG.run(AbstractRemoteTestNG.java:114)
at org.testng.remote.RemoteTestNG.initAndRun(RemoteTestNG.java:251)
at org.testng.remote.RemoteTestNG.main(RemoteTestNG.java:77)
]]>
    </error>
  </testcase> <!-- beforeMethod -->
  <testcase name="Homepage_InvalidSearchItems_007" time="0.000" classname="Testcases.SearchpageScripts">
    <skipped/>
  </testcase> <!-- Homepage_InvalidSearchItems_007 -->
  <testcase name="Searchpage_BrandSearch_Reg_002" time="0.000" classname="Testcases.SearchpageScripts">
    <skipped/>
  </testcase> <!-- Searchpage_BrandSearch_Reg_002 -->
  <testcase name="Homepage_SearchItems_Reg_006" time="0.000" classname="Testcases.SearchpageScripts">
    <skipped/>
  </testcase> <!-- Homepage_SearchItems_Reg_006 -->
  <testcase name="Homepage_MultipleSearchItems_Reg_010" time="0.000" classname="Testcases.SearchpageScripts">
    <skipped/>
  </testcase> <!-- Homepage_MultipleSearchItems_Reg_010 -->
  <testcase name="Searchpage_BreadcrumbsNavigation_Reg_012" time="0.000" classname="Testcases.SearchpageScripts">
    <skipped/>
  </testcase> <!-- Searchpage_BreadcrumbsNavigation_Reg_012 -->
  <testcase name="Homepage_InvalidSearchItems_Reg_008" time="0.000" classname="Testcases.SearchpageScripts">
    <skipped/>
  </testcase> <!-- Homepage_InvalidSearchItems_Reg_008 -->
  <testcase name="Searchpage_SingleProduct_Reg_004" time="0.000" classname="Testcases.SearchpageScripts">
    <skipped/>
  </testcase> <!-- Searchpage_SingleProduct_Reg_004 -->
  <testcase name="Homepage_SearchItems_005" time="0.000" classname="Testcases.SearchpageScripts">
    <skipped/>
  </testcase> <!-- Homepage_SearchItems_005 -->
  <testcase name="Homepage_MultipleSearchItems_009" time="0.000" classname="Testcases.SearchpageScripts">
    <skipped/>
  </testcase> <!-- Homepage_MultipleSearchItems_009 -->
  <testcase name="Searchpage_BrandSearch_001" time="0.000" classname="Testcases.SearchpageScripts">
    <skipped/>
  </testcase> <!-- Searchpage_BrandSearch_001 -->
  <testcase name="Searchpage_SingleProduct_003" time="0.000" classname="Testcases.SearchpageScripts">
    <skipped/>
  </testcase> <!-- Searchpage_SingleProduct_003 -->
</testsuite> <!-- Testcases.SearchpageScripts -->
