<?xml version="1.0" encoding="UTF-8"?>
<!-- Generated by org.testng.reporters.JUnitReportReporter -->
<testsuite skipped="0" hostname="WIN-81NG0PGA72A" name="Testcases.CategorypageScripts" tests="1" failures="0" timestamp="08 Feb 2019 12:20:25 GMT" time="124.821" errors="0">
  <testcase name="Categorypage_Validations_003" time="124.821" classname="Testcases.CategorypageScripts"/>
</testsuite> <!-- Testcases.CategorypageScripts -->
