<?xml version="1.0" encoding="UTF-8"?>
<!-- Generated by org.testng.reporters.JUnitReportReporter -->
<testsuite skipped="0" hostname="WIN-81NG0PGA72A" name="Testcases.RequisitionList" tests="1" failures="0" timestamp="19 Feb 2019 10:09:12 GMT" time="1690.534" errors="0">
  <testcase name="RequisitionList_Validations" time="1690.534" classname="Testcases.RequisitionList"/>
</testsuite> <!-- Testcases.RequisitionList -->
