<?xml version="1.0" encoding="UTF-8"?>
<!-- Generated by org.testng.reporters.JUnitReportReporter -->
<testsuite skipped="2" hostname="WIN-81NG0PGA72A" name="Testcases.CheckoutScripts" tests="2" failures="0" timestamp="14 Nov 2018 13:52:36 GMT" time="0.000" errors="0">
  <testcase name="Guest_SearchCheckout_001" time="0.000" classname="Testcases.CheckoutScripts">
    <skipped/>
  </testcase> <!-- Guest_SearchCheckout_001 -->
  <testcase name="Registered_SearchCheckout_002" time="0.000" classname="Testcases.CheckoutScripts">
    <skipped/>
  </testcase> <!-- Registered_SearchCheckout_002 -->
</testsuite> <!-- Testcases.CheckoutScripts -->
