<?xml version="1.0" encoding="UTF-8"?>
<!-- Generated by org.testng.reporters.JUnitReportReporter -->
<testsuite skipped="0" hostname="WIN-81NG0PGA72A" name="Testcases.OrderHistoryScripts" tests="1" failures="0" timestamp="08 Nov 2018 11:57:23 GMT" time="80.716" errors="0">
  <testcase name="guest_OrderStatus_UIValidation" time="80.716" classname="Testcases.OrderHistoryScripts"/>
</testsuite> <!-- Testcases.OrderHistoryScripts -->
