<?xml version="1.0" encoding="UTF-8"?>
<!-- Generated by org.testng.reporters.JUnitReportReporter -->
<testsuite skipped="3" hostname="WIN-81NG0PGA72A" name="Testcases.ShippingPageScripts" tests="3" failures="0" timestamp="14 Nov 2018 13:52:36 GMT" time="0.000" errors="0">
  <testcase name="ShippingPage_FieldValidations_001" time="0.000" classname="Testcases.ShippingPageScripts">
    <skipped/>
  </testcase> <!-- ShippingPage_FieldValidations_001 -->
  <testcase name="ShippingPage_FieldValidations_Reg_002" time="0.000" classname="Testcases.ShippingPageScripts">
    <skipped/>
  </testcase> <!-- ShippingPage_FieldValidations_Reg_002 -->
  <testcase name="ShippingPage_AVSCheck" time="0.000" classname="Testcases.ShippingPageScripts">
    <skipped/>
  </testcase> <!-- ShippingPage_AVSCheck -->
</testsuite> <!-- Testcases.ShippingPageScripts -->
