<?xml version="1.0" encoding="UTF-8"?>
<!-- Generated by org.testng.reporters.JUnitReportReporter -->
<testsuite skipped="2" hostname="WIN-81NG0PGA72A" name="Testcases.BillingPageScripts" tests="2" failures="0" timestamp="14 Nov 2018 13:52:36 GMT" time="0.000" errors="0">
  <testcase name="BillingPage_FieldValidations_Reg_002" time="0.000" classname="Testcases.BillingPageScripts">
    <skipped/>
  </testcase> <!-- BillingPage_FieldValidations_Reg_002 -->
  <testcase name="BillingPage_FieldValidations_001" time="0.000" classname="Testcases.BillingPageScripts">
    <skipped/>
  </testcase> <!-- BillingPage_FieldValidations_001 -->
</testsuite> <!-- Testcases.BillingPageScripts -->
