<?xml version="1.0" encoding="UTF-8"?>
<!-- Generated by org.testng.reporters.JUnitReportReporter -->
<testsuite skipped="0" hostname="WIN-81NG0PGA72A" name="Testcases.MyAccountScripts" tests="1" failures="0" timestamp="12 Nov 2018 12:10:47 GMT" time="411.201" errors="0">
  <testcase name="personalInformation_editingEmail" time="411.201" classname="Testcases.MyAccountScripts"/>
</testsuite> <!-- Testcases.MyAccountScripts -->
