<?xml version="1.0" encoding="UTF-8"?>
<!-- Generated by org.testng.reporters.JUnitReportReporter -->
<testsuite skipped="0" hostname="WIN-81NG0PGA72A" name="Testcases.CheckoutScripts" tests="1" failures="0" timestamp="24 Oct 2018 13:08:28 GMT" time="344.456" errors="0">
  <testcase name="Guest_SearchCheckout" time="344.456" classname="Testcases.CheckoutScripts"/>
</testsuite> <!-- Testcases.CheckoutScripts -->
