<?xml version="1.0" encoding="UTF-8"?>
<!-- Generated by org.testng.reporters.JUnitReportReporter -->
<testsuite hostname="INL-1208.local" name="Testcases.Hello" tests="1" failures="0" timestamp="25 Jul 2018 12:57:30 GMT" time="14.848" errors="0">
  <testcase name="Hellotest" time="14.848" classname="Testcases.Hello"/>
</testsuite> <!-- Testcases.Hello -->
