<?xml version="1.0" encoding="UTF-8"?>
<!-- Generated by org.testng.reporters.JUnitReportReporter -->
<testsuite skipped="0" hostname="WIN-81NG0PGA72A" name="Testcases.PDPScripts" tests="1" failures="0" timestamp="15 Nov 2018 11:36:34 GMT" time="74.649" errors="0">
  <testcase name="PDP_FieldValidations_001" time="74.649" classname="Testcases.PDPScripts"/>
</testsuite> <!-- Testcases.PDPScripts -->
