<?xml version="1.0" encoding="UTF-8"?>
<!-- Generated by org.testng.reporters.JUnitReportReporter -->
<testsuite skipped="0" hostname="WIN-81NG0PGA72A" name="Testcases.CheckoutScripts" tests="2" failures="0" timestamp="22 Oct 2018 07:51:28 GMT" time="215.402" errors="2">
  <testcase name="Registered_SearchCheckout" time="151.810" classname="Testcases.CheckoutScripts">
    <error type="java.lang.NullPointerException">
      <![CDATA[java.lang.NullPointerException
at utilities.BaseTest.captureScreenShot(BaseTest.java:131)
at utilities.BaseTest.AddScreenshot(BaseTest.java:141)
at Reusables.RegisterationPageActions.HomepageLogin(RegisterationPageActions.java:23)
at Testcases.CheckoutScripts.Registered_SearchCheckout(CheckoutScripts.java:54)
at sun.reflect.NativeMethodAccessorImpl.invoke0(Native Method)
at sun.reflect.NativeMethodAccessorImpl.invoke(Unknown Source)
at sun.reflect.DelegatingMethodAccessorImpl.invoke(Unknown Source)
at java.lang.reflect.Method.invoke(Unknown Source)
at org.testng.internal.MethodInvocationHelper.invokeMethod(MethodInvocationHelper.java:124)
at org.testng.internal.Invoker.invokeMethod(Invoker.java:580)
at org.testng.internal.Invoker.invokeTestMethod(Invoker.java:716)
at org.testng.internal.Invoker.invokeTestMethods(Invoker.java:988)
at org.testng.internal.TestMethodWorker.invokeTestMethods(TestMethodWorker.java:125)
at org.testng.internal.TestMethodWorker.run(TestMethodWorker.java:109)
at java.util.concurrent.ThreadPoolExecutor.runWorker(Unknown Source)
at java.util.concurrent.ThreadPoolExecutor$Worker.run(Unknown Source)
at java.lang.Thread.run(Unknown Source)
]]>
    </error>
  </testcase> <!-- Registered_SearchCheckout -->
  <testcase name="Guest_SearchCheckout" time="63.592" classname="Testcases.CheckoutScripts">
    <error type="java.lang.NullPointerException">
      <![CDATA[java.lang.NullPointerException
at utilities.BaseTest.getColumnData(BaseTest.java:157)
at Testcases.CheckoutScripts.Guest_SearchCheckout(CheckoutScripts.java:21)
at sun.reflect.NativeMethodAccessorImpl.invoke0(Native Method)
at sun.reflect.NativeMethodAccessorImpl.invoke(Unknown Source)
at sun.reflect.DelegatingMethodAccessorImpl.invoke(Unknown Source)
at java.lang.reflect.Method.invoke(Unknown Source)
at org.testng.internal.MethodInvocationHelper.invokeMethod(MethodInvocationHelper.java:124)
at org.testng.internal.Invoker.invokeMethod(Invoker.java:580)
at org.testng.internal.Invoker.invokeTestMethod(Invoker.java:716)
at org.testng.internal.Invoker.invokeTestMethods(Invoker.java:988)
at org.testng.internal.TestMethodWorker.invokeTestMethods(TestMethodWorker.java:125)
at org.testng.internal.TestMethodWorker.run(TestMethodWorker.java:109)
at java.util.concurrent.ThreadPoolExecutor.runWorker(Unknown Source)
at java.util.concurrent.ThreadPoolExecutor$Worker.run(Unknown Source)
at java.lang.Thread.run(Unknown Source)
]]>
    </error>
  </testcase> <!-- Guest_SearchCheckout -->
</testsuite> <!-- Testcases.CheckoutScripts -->
