<?xml version="1.0" encoding="UTF-8"?>
<!-- Generated by org.testng.reporters.JUnitReportReporter -->
<testsuite skipped="6" hostname="WIN-81NG0PGA72A" name="Testcases.OrderHistoryScripts" tests="6" failures="0" timestamp="14 Nov 2018 13:52:36 GMT" time="0.000" errors="0">
  <testcase name="guest_OrderStatus_OrderDetailsNavigation" time="0.000" classname="Testcases.OrderHistoryScripts">
    <skipped/>
  </testcase> <!-- guest_OrderStatus_OrderDetailsNavigation -->
  <testcase name="reg_OrderHistory_PageNavigation" time="0.000" classname="Testcases.OrderHistoryScripts">
    <skipped/>
  </testcase> <!-- reg_OrderHistory_PageNavigation -->
  <testcase name="guest_OrderStatus_UIValidation" time="0.000" classname="Testcases.OrderHistoryScripts">
    <skipped/>
  </testcase> <!-- guest_OrderStatus_UIValidation -->
  <testcase name="reg_OrderDetails_UIValidation" time="0.000" classname="Testcases.OrderHistoryScripts">
    <skipped/>
  </testcase> <!-- reg_OrderDetails_UIValidation -->
  <testcase name="guest_OrderStatus_invalidOrderNum_validation" time="0.000" classname="Testcases.OrderHistoryScripts">
    <skipped/>
  </testcase> <!-- guest_OrderStatus_invalidOrderNum_validation -->
  <testcase name="guest_OrderStatus_loginValidation" time="0.000" classname="Testcases.OrderHistoryScripts">
    <skipped/>
  </testcase> <!-- guest_OrderStatus_loginValidation -->
</testsuite> <!-- Testcases.OrderHistoryScripts -->
