<?xml version="1.0" encoding="UTF-8"?>
<!-- Generated by org.testng.reporters.JUnitReportReporter -->
<testsuite skipped="0" hostname="WIN-81NG0PGA72A" name="Testcases.MyAccountScripts" tests="1" failures="0" timestamp="16 Oct 2018 12:48:24 GMT" time="87.553" errors="0">
  <testcase name="myAccountSummary" time="87.553" classname="Testcases.MyAccountScripts"/>
</testsuite> <!-- Testcases.MyAccountScripts -->
