<?xml version="1.0" encoding="UTF-8"?>
<!-- Generated by org.testng.reporters.JUnitReportReporter -->
<testsuite skipped="0" hostname="WIN-81NG0PGA72A" name="Testcases.MyAccountScripts" tests="1" failures="0" timestamp="08 Nov 2018 07:05:03 GMT" time="113.531" errors="0">
  <testcase name="myAcc_Coupons_UIValidation" time="113.531" classname="Testcases.MyAccountScripts"/>
</testsuite> <!-- Testcases.MyAccountScripts -->
