<?xml version="1.0" encoding="UTF-8"?>
<!-- Generated by org.testng.reporters.JUnitReportReporter -->
<testsuite skipped="1" hostname="WIN-81NG0PGA72A" name="Testcases.CheckoutScripts" tests="1" failures="0" timestamp="22 Oct 2018 12:15:36 GMT" time="0.000" errors="0">
  <testcase name="Guest_SearchCheckout" time="0.000" classname="Testcases.CheckoutScripts">
    <skipped/>
  </testcase> <!-- Guest_SearchCheckout -->
</testsuite> <!-- Testcases.CheckoutScripts -->
