<?xml version="1.0" encoding="UTF-8"?>
<!-- Generated by org.testng.reporters.JUnitReportReporter -->
<testsuite skipped="0" hostname="WIN-81NG0PGA72A" name="Testcases.ShoppingCartScripts" tests="1" failures="0" timestamp="08 Feb 2019 09:57:20 GMT" time="179.354" errors="0">
  <testcase name="ShoppingCart_ForgotPassword_009" time="179.354" classname="Testcases.ShoppingCartScripts"/>
</testsuite> <!-- Testcases.ShoppingCartScripts -->
