<?xml version="1.0" encoding="UTF-8"?>
<!-- Generated by org.testng.reporters.JUnitReportReporter -->
<testsuite skipped="0" hostname="WIN-81NG0PGA72A" name="Testcases.CategorypageScripts" tests="1" failures="0" timestamp="13 Feb 2019 07:56:54 GMT" time="66.724" errors="0">
  <testcase name="Categorypage_Validations_003" time="66.724" classname="Testcases.CategorypageScripts"/>
</testsuite> <!-- Testcases.CategorypageScripts -->
