<?xml version="1.0" encoding="UTF-8"?>
<!-- Generated by org.testng.reporters.JUnitReportReporter -->
<testsuite skipped="0" hostname="WIN-81NG0PGA72A" name="Testcases.HomepageScripts" tests="1" failures="0" timestamp="15 Nov 2018 12:11:23 GMT" time="120.514" errors="0">
  <testcase name="Homepage_AddRandomProductFromMenuBrands_Reg_006" time="120.514" classname="Testcases.HomepageScripts"/>
</testsuite> <!-- Testcases.HomepageScripts -->
