<?xml version="1.0" encoding="UTF-8"?>
<!-- Generated by org.testng.reporters.JUnitReportReporter -->
<testsuite skipped="0" hostname="WIN-81NG0PGA72A" name="Testcases.CheckoutScripts" tests="2" failures="0" timestamp="13 Feb 2019 09:36:39 GMT" time="393.644" errors="1">
  <testcase name="Guest_signupPostCheckout_006" time="214.182" classname="Testcases.CheckoutScripts"/>
  <testcase name="Guest_signupPostCheckout_005" time="179.462" classname="Testcases.CheckoutScripts">
    <error type="org.openqa.selenium.NoSuchElementException" message="no such element: Unable to locate element: {&quot;method&quot;:&quot;xpath&quot;,&quot;selector&quot;:&quot;.//*[@name=&#039;addressOption&#039;][@value=&#039;Original&#039;]&quot;}
  (Session info: chrome=72.0.3626.96)
  (Driver info: chromedriver=2.42.591088 (7b2b2dca23cca0862f674758c9a3933e685c27d5),platform=Windows NT 6.1.7601 SP1 x86_64) (WARNING: The server did not provide any stacktrace information)
Command duration or timeout: 40 milliseconds
For documentation on this error, please visit: http://seleniumhq.org/exceptions/no_such_element.html
Build info: version: &#039;2.53.1&#039;, revision: &#039;a36b8b1cd5757287168e54b817830adce9b0158d&#039;, time: &#039;2016-06-30 19:26:09&#039;
System info: host: &#039;WIN-81NG0PGA72A&#039;, ip: &#039;172.17.1.131&#039;, os.name: &#039;Windows 7&#039;, os.arch: &#039;amd64&#039;, os.version: &#039;6.1&#039;, java.version: &#039;1.8.0_181&#039;
Driver info: org.openqa.selenium.remote.RemoteWebDriver
Capabilities [{mobileEmulationEnabled=false, hasTouchScreen=false, platform=XP, acceptSslCerts=false, goog:chromeOptions={debuggerAddress=localhost:54086}, acceptInsecureCerts=false, webStorageEnabled=true, browserName=chrome, takesScreenshot=true, javascriptEnabled=true, setWindowRect=true, unexpectedAlertBehaviour=, applicationCacheEnabled=false, rotatable=false, networkConnectionEnabled=false, chrome={chromedriverVersion=2.42.591088 (7b2b2dca23cca0862f674758c9a3933e685c27d5), userDataDir=C:\Users\P01242\AppData\Local\Temp\scoped_dir5908_25679}, takesHeapSnapshot=true, pageLoadStrategy=normal, databaseEnabled=false, handlesAlerts=true, version=72.0.3626.96, browserConnectionEnabled=false, nativeEvents=true, webdriver.remote.sessionid=ef79d03b6fe9b6cb2de686e2a1d5562c, locationContextEnabled=true, cssSelectorsEnabled=true}]
Session ID: ef79d03b6fe9b6cb2de686e2a1d5562c
*** Element info: {Using=xpath, value=.//*[@name=&#039;addressOption&#039;][@value=&#039;Original&#039;]}">
      <![CDATA[org.openqa.selenium.NoSuchElementException: no such element: Unable to locate element: {"method":"xpath","selector":".//*[@name='addressOption'][@value='Original']"}
  (Session info: chrome=72.0.3626.96)
  (Driver info: chromedriver=2.42.591088 (7b2b2dca23cca0862f674758c9a3933e685c27d5),platform=Windows NT 6.1.7601 SP1 x86_64) (WARNING: The server did not provide any stacktrace information)
Command duration or timeout: 40 milliseconds
For documentation on this error, please visit: http://seleniumhq.org/exceptions/no_such_element.html
Build info: version: '2.53.1', revision: 'a36b8b1cd5757287168e54b817830adce9b0158d', time: '2016-06-30 19:26:09'
System info: host: 'WIN-81NG0PGA72A', ip: '172.17.1.131', os.name: 'Windows 7', os.arch: 'amd64', os.version: '6.1', java.version: '1.8.0_181'
Driver info: org.openqa.selenium.remote.RemoteWebDriver
Capabilities [{mobileEmulationEnabled=false, hasTouchScreen=false, platform=XP, acceptSslCerts=false, goog:chromeOptions={debuggerAddress=localhost:54086}, acceptInsecureCerts=false, webStorageEnabled=true, browserName=chrome, takesScreenshot=true, javascriptEnabled=true, setWindowRect=true, unexpectedAlertBehaviour=, applicationCacheEnabled=false, rotatable=false, networkConnectionEnabled=false, chrome={chromedriverVersion=2.42.591088 (7b2b2dca23cca0862f674758c9a3933e685c27d5), userDataDir=C:\Users\P01242\AppData\Local\Temp\scoped_dir5908_25679}, takesHeapSnapshot=true, pageLoadStrategy=normal, databaseEnabled=false, handlesAlerts=true, version=72.0.3626.96, browserConnectionEnabled=false, nativeEvents=true, webdriver.remote.sessionid=ef79d03b6fe9b6cb2de686e2a1d5562c, locationContextEnabled=true, cssSelectorsEnabled=true}]
Session ID: ef79d03b6fe9b6cb2de686e2a1d5562c
*** Element info: {Using=xpath, value=.//*[@name='addressOption'][@value='Original']}
at sun.reflect.NativeConstructorAccessorImpl.newInstance0(Native Method)
at sun.reflect.NativeConstructorAccessorImpl.newInstance(Unknown Source)
at sun.reflect.DelegatingConstructorAccessorImpl.newInstance(Unknown Source)
at java.lang.reflect.Constructor.newInstance(Unknown Source)
at org.openqa.selenium.remote.ErrorHandler.createThrowable(ErrorHandler.java:206)
at org.openqa.selenium.remote.ErrorHandler.throwIfResponseFailed(ErrorHandler.java:158)
at org.openqa.selenium.remote.RemoteWebDriver.execute(RemoteWebDriver.java:678)
at org.openqa.selenium.remote.RemoteWebDriver.findElement(RemoteWebDriver.java:363)
at org.openqa.selenium.remote.RemoteWebDriver.findElementByXPath(RemoteWebDriver.java:500)
at org.openqa.selenium.By$ByXPath.findElement(By.java:361)
at org.openqa.selenium.remote.RemoteWebDriver.findElement(RemoteWebDriver.java:355)
at org.openqa.selenium.support.pagefactory.DefaultElementLocator.findElement(DefaultElementLocator.java:69)
at org.openqa.selenium.support.pagefactory.internal.LocatingElementHandler.invoke(LocatingElementHandler.java:38)
at com.sun.proxy.$Proxy8.isDisplayed(Unknown Source)
at Reusables.ShippingPageActions.UseEnteredAddress(ShippingPageActions.java:114)
at Testcases.CheckoutScripts.Guest_signupPostCheckout_005(CheckoutScripts.java:141)
at sun.reflect.NativeMethodAccessorImpl.invoke0(Native Method)
at sun.reflect.NativeMethodAccessorImpl.invoke(Unknown Source)
at sun.reflect.DelegatingMethodAccessorImpl.invoke(Unknown Source)
at java.lang.reflect.Method.invoke(Unknown Source)
at org.testng.internal.MethodInvocationHelper.invokeMethod(MethodInvocationHelper.java:124)
at org.testng.internal.Invoker.invokeMethod(Invoker.java:580)
at org.testng.internal.Invoker.invokeTestMethod(Invoker.java:716)
at org.testng.internal.Invoker.invokeTestMethods(Invoker.java:988)
at org.testng.internal.TestMethodWorker.invokeTestMethods(TestMethodWorker.java:125)
at org.testng.internal.TestMethodWorker.run(TestMethodWorker.java:109)
at java.util.concurrent.ThreadPoolExecutor.runWorker(Unknown Source)
at java.util.concurrent.ThreadPoolExecutor$Worker.run(Unknown Source)
at java.lang.Thread.run(Unknown Source)
]]>
    </error>
  </testcase> <!-- Guest_signupPostCheckout_005 -->
</testsuite> <!-- Testcases.CheckoutScripts -->
