<?xml version="1.0" encoding="UTF-8"?>
<!-- Generated by org.testng.reporters.JUnitReportReporter -->
<testsuite skipped="2" hostname="WIN-81NG0PGA72A" name="Testcases.OrderConformationPageScripts" tests="2" failures="0" timestamp="14 Nov 2018 13:52:36 GMT" time="0.000" errors="0">
  <testcase name="OrderConformationPage_FieldValidations" time="0.000" classname="Testcases.OrderConformationPageScripts">
    <skipped/>
  </testcase> <!-- OrderConformationPage_FieldValidations -->
  <testcase name="OrderConformationPage_FieldValidations_Reg" time="0.000" classname="Testcases.OrderConformationPageScripts">
    <skipped/>
  </testcase> <!-- OrderConformationPage_FieldValidations_Reg -->
</testsuite> <!-- Testcases.OrderConformationPageScripts -->
