<?xml version="1.0" encoding="UTF-8"?>
<!-- Generated by org.testng.reporters.JUnitReportReporter -->
<testsuite skipped="4" hostname="WIN-81NG0PGA72A" name="Testcases.RegisterationScripts" tests="4" failures="0" timestamp="22 Oct 2018 12:15:36 GMT" time="0.000" errors="0">
  <testcase name="CreateAccount_Error_Messages_Validations" time="0.000" classname="Testcases.RegisterationScripts">
    <skipped/>
  </testcase> <!-- CreateAccount_Error_Messages_Validations -->
  <testcase name="ForgotPassword_Error_Messages_Validations" time="0.000" classname="Testcases.RegisterationScripts">
    <skipped/>
  </testcase> <!-- ForgotPassword_Error_Messages_Validations -->
  <testcase name="Invalid_SignIn_Error_Messages_Validations" time="0.000" classname="Testcases.RegisterationScripts">
    <skipped/>
  </testcase> <!-- Invalid_SignIn_Error_Messages_Validations -->
  <testcase name="Valid_SignIn" time="0.000" classname="Testcases.RegisterationScripts">
    <skipped/>
  </testcase> <!-- Valid_SignIn -->
</testsuite> <!-- Testcases.RegisterationScripts -->
