<?xml version="1.0" encoding="UTF-8"?>
<!-- Generated by org.testng.reporters.JUnitReportReporter -->
<testsuite skipped="0" hostname="WIN-81NG0PGA72A" name="Testcases.CatalogScripts" tests="1" failures="0" timestamp="19 Feb 2019 12:34:45 GMT" time="71.816" errors="0">
  <testcase name="Catalog_Validations" time="71.816" classname="Testcases.CatalogScripts"/>
</testsuite> <!-- Testcases.CatalogScripts -->
