<?xml version="1.0" encoding="UTF-8"?>
<!-- Generated by org.testng.reporters.JUnitReportReporter -->
<testsuite skipped="0" hostname="WIN-81NG0PGA72A" name="Testcases.CheckoutScripts" tests="1" failures="0" timestamp="19 Nov 2018 13:24:12 GMT" time="297.664" errors="0">
  <testcase name="Guest_signupPostCheckout_006" time="297.664" classname="Testcases.CheckoutScripts"/>
</testsuite> <!-- Testcases.CheckoutScripts -->
