<?xml version="1.0" encoding="UTF-8"?>
<!-- Generated by org.testng.reporters.JUnitReportReporter -->
<testsuite skipped="0" hostname="WIN-81NG0PGA72A" name="Testcases.CheckoutScripts" tests="1" failures="0" timestamp="18 Oct 2018 20:09:39 GMT" time="166.927" errors="0">
  <testcase name="Homepage_MultopleSearch" time="166.927" classname="Testcases.CheckoutScripts"/>
</testsuite> <!-- Testcases.CheckoutScripts -->
