<?xml version="1.0" encoding="UTF-8"?>
<!-- Generated by org.testng.reporters.JUnitReportReporter -->
<testsuite skipped="0" hostname="WIN-81NG0PGA72A" name="Testcases.OrderConformationPageScripts" tests="1" failures="0" timestamp="21 Feb 2019 12:40:40 GMT" time="188.791" errors="0">
  <testcase name="OrderConformationPage_FieldValidations" time="188.791" classname="Testcases.OrderConformationPageScripts"/>
</testsuite> <!-- Testcases.OrderConformationPageScripts -->
