<?xml version="1.0" encoding="UTF-8"?>
<!-- Generated by org.testng.reporters.JUnitReportReporter -->
<testsuite skipped="0" hostname="WIN-81NG0PGA72A" name="Testcases.MyAccountScripts" tests="1" failures="0" timestamp="25 Oct 2018 11:37:12 GMT" time="88.888" errors="0">
  <testcase name="leftNavMenuLinks_UICheck" time="88.888" classname="Testcases.MyAccountScripts"/>
</testsuite> <!-- Testcases.MyAccountScripts -->
