<?xml version="1.0" encoding="UTF-8"?>
<!-- Generated by org.testng.reporters.JUnitReportReporter -->
<testsuite skipped="0" hostname="WIN-81NG0PGA72A" name="Testcases.HomepageScripts" tests="1" failures="0" timestamp="09 Nov 2018 14:28:42 GMT" time="152.189" errors="0">
  <testcase name="Homepage_AddRandomProductFromMenuCategory_Reg_004" time="152.189" classname="Testcases.HomepageScripts"/>
</testsuite> <!-- Testcases.HomepageScripts -->
