<?xml version="1.0" encoding="UTF-8"?>
<!-- Generated by org.testng.reporters.JUnitReportReporter -->
<testsuite skipped="6" hostname="WIN-81NG0PGA72A" name="Testcases.PDPScripts" tests="6" failures="0" timestamp="14 Nov 2018 13:52:36 GMT" time="0.000" errors="0">
  <testcase name="PDP_FieldValidations_Reg_002" time="0.000" classname="Testcases.PDPScripts">
    <skipped/>
  </testcase> <!-- PDP_FieldValidations_Reg_002 -->
  <testcase name="PDP_AddRecommendations_Reg_004" time="0.000" classname="Testcases.PDPScripts">
    <skipped/>
  </testcase> <!-- PDP_AddRecommendations_Reg_004 -->
  <testcase name="PDP_AddAlsoViewedProduct_005" time="0.000" classname="Testcases.PDPScripts">
    <skipped/>
  </testcase> <!-- PDP_AddAlsoViewedProduct_005 -->
  <testcase name="PDP_FieldValidations_001" time="0.000" classname="Testcases.PDPScripts">
    <skipped/>
  </testcase> <!-- PDP_FieldValidations_001 -->
  <testcase name="PDP_AddAlsoViewedProduct_Reg_006" time="0.000" classname="Testcases.PDPScripts">
    <skipped/>
  </testcase> <!-- PDP_AddAlsoViewedProduct_Reg_006 -->
  <testcase name="PDP_AddRecommendations_003" time="0.000" classname="Testcases.PDPScripts">
    <skipped/>
  </testcase> <!-- PDP_AddRecommendations_003 -->
</testsuite> <!-- Testcases.PDPScripts -->
