<?xml version="1.0" encoding="UTF-8"?>
<!-- Generated by org.testng.reporters.JUnitReportReporter -->
<<<<<<< HEAD
<testsuite skipped="0" hostname="WIN-81NG0PGA72A" name="Testcases.HomepageScripts" tests="1" failures="0" timestamp="23 Oct 2018 07:33:52 GMT" time="68.815" errors="1">
  <testcase name="Homepage_MultipleSearchItems" time="68.815" classname="Testcases.HomepageScripts">
    <error type="java.lang.NullPointerException">
      <![CDATA[java.lang.NullPointerException
at com.google.common.base.Preconditions.checkNotNull(Preconditions.java:212)
at org.openqa.selenium.support.ui.FluentWait.<init>(FluentWait.java:102)
at org.openqa.selenium.support.ui.WebDriverWait.<init>(WebDriverWait.java:71)
at org.openqa.selenium.support.ui.WebDriverWait.<init>(WebDriverWait.java:59)
at utilities.BaseTest.WaitUntilElementVisible(BaseTest.java:194)
at Reusables.ProductsDetailPageActions.quantity(ProductsDetailPageActions.java:9)
at Testcases.HomepageScripts.Homepage_MultipleSearchItems(HomepageScripts.java:26)
at sun.reflect.NativeMethodAccessorImpl.invoke0(Native Method)
at sun.reflect.NativeMethodAccessorImpl.invoke(Unknown Source)
at sun.reflect.DelegatingMethodAccessorImpl.invoke(Unknown Source)
at java.lang.reflect.Method.invoke(Unknown Source)
at org.testng.internal.MethodInvocationHelper.invokeMethod(MethodInvocationHelper.java:124)
at org.testng.internal.Invoker.invokeMethod(Invoker.java:580)
at org.testng.internal.Invoker.invokeTestMethod(Invoker.java:716)
at org.testng.internal.Invoker.invokeTestMethods(Invoker.java:988)
at org.testng.internal.TestMethodWorker.invokeTestMethods(TestMethodWorker.java:125)
at org.testng.internal.TestMethodWorker.run(TestMethodWorker.java:109)
at java.util.concurrent.ThreadPoolExecutor.runWorker(Unknown Source)
at java.util.concurrent.ThreadPoolExecutor$Worker.run(Unknown Source)
at java.lang.Thread.run(Unknown Source)
]]>
    </error>
  </testcase> <!-- Homepage_MultipleSearchItems -->
=======
<testsuite skipped="0" hostname="WIN-81NG0PGA72A" name="Testcases.HomepageScripts" tests="1" failures="0" timestamp="23 Oct 2018 12:12:46 GMT" time="179.399" errors="0">
  <testcase name="Homepage_Header_FieldValidations" time="179.399" classname="Testcases.HomepageScripts"/>
>>>>>>> branch 'master' of https://github.com/sureshisreal/ACME_2.git
</testsuite> <!-- Testcases.HomepageScripts -->
