<?xml version="1.0" encoding="UTF-8"?>
<!-- Generated by org.testng.reporters.JUnitReportReporter -->
<testsuite skipped="0" hostname="WIN-81NG0PGA72A" name="Testcases.CheckoutScripts" tests="1" failures="0" timestamp="13 Feb 2019 10:29:36 GMT" time="373.753" errors="0">
  <testcase name="Guest_signupPostCheckout_005" time="373.753" classname="Testcases.CheckoutScripts"/>
</testsuite> <!-- Testcases.CheckoutScripts -->
